#! /usr/bin/vvp
:ivl_version "0.9.7 " "(v0_9_7)";
:vpi_time_precision + 0;
:vpi_module "system";
:vpi_module "v2005_math";
:vpi_module "va_math";
S_0x1574a10 .scope module, "alu_tb" "alu_tb" 2 2;
 .timescale 0 0;
v0x15b7ab0_0 .var "A", 3 0;
v0x15b7b50_0 .var "B", 3 0;
v0x15b7c00_0 .net "Y", 3 0, v0x15b7740_0; 1 drivers
v0x15b7cb0_0 .net "flags", 3 0, v0x15b77e0_0; 1 drivers
v0x15b7d90_0 .var/i "j", 31 0;
v0x15b7e10_0 .var "opcode", 3 0;
S_0x159f330 .scope module, "my_alu" "alu4" 2 16, 3 2, S_0x1574a10;
 .timescale 0 0;
v0x1574cf0_0 .net "A", 3 0, v0x15b7ab0_0; 1 drivers
v0x15b76a0_0 .net "B", 3 0, v0x15b7b50_0; 1 drivers
v0x15b7740_0 .var "Y", 3 0;
v0x15b77e0_0 .var "flags", 3 0;
v0x15b7890_0 .net "opcode", 3 0, v0x15b7e10_0; 1 drivers
v0x15b7930_0 .var "tempA", 3 0;
v0x15b7a10_0 .var "tempB", 3 0;
E_0x158a710 .event edge, v0x15b7740_0;
E_0x1574b00 .event edge, v0x15b7890_0, v0x15b76a0_0, v0x1574cf0_0;
    .scope S_0x159f330;
T_0 ;
    %wait E_0x1574b00;
    %load/v 8, v0x1574cf0_0, 4;
    %inv 8, 4;
    %set/v v0x15b7930_0, 8, 4;
    %load/v 8, v0x15b76a0_0, 4;
    %inv 8, 4;
    %set/v v0x15b7a10_0, 8, 4;
    %ix/load 0, 3, 0;
    %set/x0 v0x15b77e0_0, 0, 1;
    %load/v 8, v0x15b7890_0, 4;
    %cmpi/u 8, 0, 4;
    %jmp/1 T_0.0, 6;
    %cmpi/u 8, 1, 4;
    %jmp/1 T_0.1, 6;
    %cmpi/u 8, 2, 4;
    %jmp/1 T_0.2, 6;
    %cmpi/u 8, 3, 4;
    %jmp/1 T_0.3, 6;
    %cmpi/u 8, 4, 4;
    %jmp/1 T_0.4, 6;
    %cmpi/u 8, 5, 4;
    %jmp/1 T_0.5, 6;
    %cmpi/u 8, 6, 4;
    %jmp/1 T_0.6, 6;
    %cmpi/u 8, 7, 4;
    %jmp/1 T_0.7, 6;
    %cmpi/u 8, 8, 4;
    %jmp/1 T_0.8, 6;
    %cmpi/u 8, 9, 4;
    %jmp/1 T_0.9, 6;
    %cmpi/u 8, 10, 4;
    %jmp/1 T_0.10, 6;
    %cmpi/u 8, 11, 4;
    %jmp/1 T_0.11, 6;
    %cmpi/u 8, 12, 4;
    %jmp/1 T_0.12, 6;
    %cmpi/u 8, 13, 4;
    %jmp/1 T_0.13, 6;
    %cmpi/u 8, 14, 4;
    %jmp/1 T_0.14, 6;
    %set/v v0x15b7740_0, 2, 4;
    %jmp T_0.16;
T_0.0 ;
    %load/v 8, v0x1574cf0_0, 4;
    %set/v v0x15b7740_0, 8, 4;
    %jmp T_0.16;
T_0.1 ;
    %load/v 8, v0x1574cf0_0, 4;
    %mov 12, 0, 28;
    %addi 8, 1, 32;
    %set/v v0x15b7740_0, 8, 4;
    %ix/load 0, 3, 0;
    %set/x0 v0x15b77e0_0, 12, 1;
    %jmp T_0.16;
T_0.2 ;
    %load/v 8, v0x15b7930_0, 4;
    %mov 12, 0, 1;
    %load/v 13, v0x15b76a0_0, 4;
    %mov 17, 0, 1;
    %add 8, 13, 5;
    %set/v v0x15b7740_0, 8, 4;
    %ix/load 0, 3, 0;
    %set/x0 v0x15b77e0_0, 12, 1;
    %jmp T_0.16;
T_0.3 ;
    %load/v 8, v0x1574cf0_0, 4;
    %mov 12, 0, 3;
    %mov 15, 0, 25;
    %load/v 40, v0x15b76a0_0, 4;
    %mov 44, 0, 3;
    %mov 47, 0, 25;
    %add 8, 40, 32;
    %addi 8, 1, 32;
    %set/v v0x15b7740_0, 8, 4;
    %ix/load 0, 3, 0;
    %set/x0 v0x15b77e0_0, 12, 1;
    %jmp T_0.16;
T_0.4 ;
    %load/v 8, v0x1574cf0_0, 4;
    %mov 12, 0, 1;
    %load/v 13, v0x15b7a10_0, 4;
    %mov 17, 0, 1;
    %and 8, 13, 5;
    %set/v v0x15b7740_0, 8, 4;
    %ix/load 0, 3, 0;
    %set/x0 v0x15b77e0_0, 12, 1;
    %jmp T_0.16;
T_0.5 ;
    %load/v 8, v0x1574cf0_0, 4;
    %mov 12, 0, 1;
    %load/v 13, v0x15b76a0_0, 4;
    %mov 17, 0, 1;
    %or 8, 13, 5;
    %set/v v0x15b7740_0, 8, 4;
    %ix/load 0, 3, 0;
    %set/x0 v0x15b77e0_0, 12, 1;
    %jmp T_0.16;
T_0.6 ;
    %load/v 8, v0x1574cf0_0, 4;
    %load/v 12, v0x15b76a0_0, 4;
    %xor 8, 12, 4;
    %set/v v0x15b7740_0, 8, 4;
    %jmp T_0.16;
T_0.7 ;
    %load/v 8, v0x1574cf0_0, 4;
    %mov 12, 0, 1;
    %ix/load 0, 1, 0;
    %mov 4, 0, 1;
    %shiftl/i0  8, 5;
    %set/v v0x15b7740_0, 8, 4;
    %ix/load 0, 3, 0;
    %set/x0 v0x15b77e0_0, 12, 1;
    %jmp T_0.16;
T_0.8 ;
    %load/v 8, v0x1574cf0_0, 4;
    %inv 8, 4;
    %set/v v0x15b7740_0, 8, 4;
    %jmp T_0.16;
T_0.9 ;
    %load/v 8, v0x1574cf0_0, 4;
    %ix/load 0, 1, 0;
    %mov 4, 0, 1;
    %shiftr/i0  8, 4;
    %set/v v0x15b7740_0, 8, 4;
    %jmp T_0.16;
T_0.10 ;
    %load/v 8, v0x1574cf0_0, 4;
    %mov 12, 0, 1;
    %load/v 13, v0x15b76a0_0, 4;
    %mov 17, 0, 1;
    %sub 8, 13, 5;
    %set/v v0x15b7740_0, 8, 4;
    %ix/load 0, 3, 0;
    %set/x0 v0x15b77e0_0, 12, 1;
    %jmp T_0.16;
T_0.11 ;
    %load/v 8, v0x1574cf0_0, 4;
    %mov 12, 0, 3;
    %mov 15, 0, 25;
    %load/v 40, v0x15b76a0_0, 4;
    %mov 44, 0, 3;
    %mov 47, 0, 25;
    %sub 8, 40, 32;
    %subi 8, 1, 32;
    %set/v v0x15b7740_0, 8, 4;
    %ix/load 0, 3, 0;
    %set/x0 v0x15b77e0_0, 12, 1;
    %jmp T_0.16;
T_0.12 ;
    %load/v 8, v0x1574cf0_0, 4;
    %load/v 12, v0x15b76a0_0, 4;
    %and 8, 12, 4;
    %inv 8, 4;
    %set/v v0x15b7740_0, 8, 4;
    %jmp T_0.16;
T_0.13 ;
    %load/v 8, v0x1574cf0_0, 4;
    %load/v 12, v0x15b76a0_0, 4;
    %or 8, 12, 4;
    %inv 8, 4;
    %set/v v0x15b7740_0, 8, 4;
    %jmp T_0.16;
T_0.14 ;
    %load/v 8, v0x1574cf0_0, 4;
    %load/v 12, v0x15b76a0_0, 4;
    %xor 8, 12, 4;
    %inv 8, 4;
    %set/v v0x15b7740_0, 8, 4;
    %jmp T_0.16;
T_0.16 ;
    %jmp T_0;
    .thread T_0, $push;
    .scope S_0x159f330;
T_1 ;
    %wait E_0x158a710;
    %load/v 8, v0x15b7740_0, 4;
    %mov 12, 0, 1;
    %cmpi/u 8, 0, 5;
    %mov 8, 4, 1;
    %jmp/0  T_1.0, 8;
    %mov 9, 1, 1;
    %jmp/1  T_1.2, 8;
T_1.0 ; End of true expr.
    %jmp/0  T_1.1, 8;
 ; End of false expr.
    %blend  9, 0, 1; Condition unknown.
    %jmp  T_1.2;
T_1.1 ;
    %mov 9, 0, 1; Return false value
T_1.2 ;
    %ix/load 0, 2, 0;
    %set/x0 v0x15b77e0_0, 9, 1;
    %load/v 11, v0x15b7740_0, 4;
    %xor/r 11, 11, 4;
    %mov 8, 11, 1;
    %mov 9, 0, 2;
    %cmpi/u 8, 1, 3;
    %mov 8, 4, 1;
    %jmp/0  T_1.3, 8;
    %mov 9, 0, 1;
    %jmp/1  T_1.5, 8;
T_1.3 ; End of true expr.
    %jmp/0  T_1.4, 8;
 ; End of false expr.
    %blend  9, 1, 1; Condition unknown.
    %jmp  T_1.5;
T_1.4 ;
    %mov 9, 1, 1; Return false value
T_1.5 ;
    %ix/load 0, 1, 0;
    %set/x0 v0x15b77e0_0, 9, 1;
    %load/v 8, v0x15b7890_0, 4;
    %mov 12, 0, 2;
    %cmpi/u 8, 9, 6;
    %mov 8, 4, 1;
    %load/v 9, v0x15b7890_0, 4;
    %mov 13, 0, 2;
    %cmpi/u 9, 10, 6;
    %or 8, 4, 1;
    %ix/load 1, 3, 0;
    %mov 4, 0, 1;
    %jmp/1 T_1.6, 4;
    %load/x1p 12, v0x15b77e0_0, 1;
    %jmp T_1.7;
T_1.6 ;
    %mov 12, 2, 1;
T_1.7 ;
    %mov 9, 12, 1; Move signal select into place
    %mov 10, 0, 2;
    %cmpi/u 9, 1, 3;
    %mov 9, 4, 1;
    %and 8, 9, 1;
    %jmp/0xz  T_1.8, 8;
    %ix/load 0, 0, 0;
    %set/x0 v0x15b77e0_0, 1, 1;
    %jmp T_1.9;
T_1.8 ;
    %load/v 8, v0x15b7890_0, 4;
    %mov 12, 0, 2;
    %cmpi/u 8, 11, 6;
    %mov 8, 4, 1;
    %load/v 9, v0x15b7740_0, 4;
    %ix/load 1, 3, 0;
    %mov 4, 0, 1;
    %jmp/1 T_1.10, 4;
    %load/x1p 14, v0x15b77e0_0, 1;
    %jmp T_1.11;
T_1.10 ;
    %mov 14, 2, 1;
T_1.11 ;
    %mov 13, 14, 1; Move signal select into place
    %cmpi/u 9, 31, 5;
    %mov 9, 4, 1;
    %and 8, 9, 1;
    %jmp/0xz  T_1.12, 8;
    %ix/load 0, 0, 0;
    %set/x0 v0x15b77e0_0, 1, 1;
    %jmp T_1.13;
T_1.12 ;
    %ix/load 0, 0, 0;
    %set/x0 v0x15b77e0_0, 0, 1;
T_1.13 ;
T_1.9 ;
    %jmp T_1;
    .thread T_1, $push;
    .scope S_0x1574a10;
T_2 ;
    %delay 1, 0;
    %vpi_call 2 20 "$monitor", "A = %b", v0x15b7ab0_0, " B = %b", v0x15b7b50_0, "  |  opcode = %b", v0x15b7e10_0, "  |  Y =%b", v0x15b7c00_0, " | flags = %b", v0x15b7cb0_0;
    %vpi_call 2 21 "$dumpfile", "test.vcd";
    %vpi_call 2 22 "$dumpvars", 1'sb0, S_0x1574a10;
    %movi 8, 14, 4;
    %set/v v0x15b7ab0_0, 8, 4;
    %movi 12, 6, 4;
    %set/v v0x15b7b50_0, 12, 4;
    %set/v v0x15b7d90_0, 0, 32;
T_2.0 ;
    %load/v 8, v0x15b7d90_0, 32;
   %cmpi/s 8, 14, 32;
    %or 5, 4, 1;
    %jmp/0xz T_2.1, 5;
    %load/v 8, v0x15b7d90_0, 32;
    %set/v v0x15b7e10_0, 8, 4;
    %delay 5, 0;
    %ix/load 0, 1, 0;
    %load/vp0/s 8, v0x15b7d90_0, 32;
    %set/v v0x15b7d90_0, 8, 32;
    %jmp T_2.0;
T_2.1 ;
    %movi 8, 7, 4;
    %set/v v0x15b7ab0_0, 8, 4;
    %movi 8, 9, 4;
    %set/v v0x15b7b50_0, 8, 4;
    %set/v v0x15b7d90_0, 0, 32;
T_2.2 ;
    %load/v 8, v0x15b7d90_0, 32;
   %cmpi/s 8, 14, 32;
    %or 5, 4, 1;
    %jmp/0xz T_2.3, 5;
    %load/v 8, v0x15b7d90_0, 32;
    %set/v v0x15b7e10_0, 8, 4;
    %delay 5, 0;
    %ix/load 0, 1, 0;
    %load/vp0/s 8, v0x15b7d90_0, 32;
    %set/v v0x15b7d90_0, 8, 32;
    %jmp T_2.2;
T_2.3 ;
    %vpi_call 2 38 "$display", "--------------------------------------------";
    %end;
    .thread T_2;
# The file index is used to find the file name in the following table.
:file_names 4;
    "N/A";
    "<interactive>";
    "alutb.v";
    "alu4.v";
